d:\gitdemo\tank battle\x64\debug\vc143.pdb
d:\gitdemo\tank battle\x64\debug\vc143.idb
d:\gitdemo\tank battle\x64\debug\target.obj
d:\gitdemo\tank battle\x64\debug\tank.obj
d:\gitdemo\tank battle\x64\debug\main.obj
d:\gitdemo\tank battle\x64\debug\gameobject.obj
d:\gitdemo\tank battle\x64\debug\game.obj
d:\gitdemo\tank battle\x64\debug\boom.obj
d:\gitdemo\tank battle\x64\debug\acllib.obj
d:\gitdemo\tank battle\x64\debug\tank_battle.exe
d:\gitdemo\tank battle\x64\debug\tank_battle.ilk
d:\gitdemo\tank battle\x64\debug\tank_battle.pdb
d:\gitdemo\tank battle\x64\debug\tank_battle.res
d:\gitdemo\tank battle\x64\debug\tank_battle.tlog\cl.command.1.tlog
d:\gitdemo\tank battle\x64\debug\tank_battle.tlog\cl.read.1.tlog
d:\gitdemo\tank battle\x64\debug\tank_battle.tlog\cl.write.1.tlog
d:\gitdemo\tank battle\x64\debug\tank_battle.tlog\link.command.1.tlog
d:\gitdemo\tank battle\x64\debug\tank_battle.tlog\link.read.1.tlog
d:\gitdemo\tank battle\x64\debug\tank_battle.tlog\link.write.1.tlog
d:\gitdemo\tank battle\x64\debug\tank_battle.tlog\rc.command.1.tlog
d:\gitdemo\tank battle\x64\debug\tank_battle.tlog\rc.read.1.tlog
d:\gitdemo\tank battle\x64\debug\tank_battle.tlog\rc.write.1.tlog
