  Boom.cpp
D:\git-Tank Battle\Tank Battle\src\acllib.h(143): warning C4311: “类型强制转换”: 从“void *”到“int”的指针截断
D:\git-Tank Battle\Tank Battle\src\acllib.h(143): warning C4302: “类型强制转换”: 从“void *”到“int”截断
D:\git-Tank Battle\Tank Battle\src\Messager.h(15,3): warning C4091: “static ”: 没有声明变量时忽略“Messager::MESSAGE”的左侧
D:\git-Tank Battle\Tank Battle\src\Game.h(39,3): warning C4091: “static ”: 没有声明变量时忽略“Game::STATE”的左侧
D:\git-Tank Battle\Tank Battle\src\GameObject.h(28,3): warning C4091: “static ”: 没有声明变量时忽略“GameObject::GOTYPE”的左侧
  Game.cpp
D:\git-Tank Battle\Tank Battle\src\acllib.h(143): warning C4311: “类型强制转换”: 从“void *”到“int”的指针截断
D:\git-Tank Battle\Tank Battle\src\acllib.h(143): warning C4302: “类型强制转换”: 从“void *”到“int”截断
D:\git-Tank Battle\Tank Battle\src\Messager.h(15,3): warning C4091: “static ”: 没有声明变量时忽略“Messager::MESSAGE”的左侧
D:\git-Tank Battle\Tank Battle\src\Game.h(39,3): warning C4091: “static ”: 没有声明变量时忽略“Game::STATE”的左侧
D:\git-Tank Battle\Tank Battle\src\acllib.h(136,1): warning C4311: “类型强制转换”: 从“T *”到“int”的指针截断
          with
          [
              T=Game
          ]
D:\git-Tank Battle\Tank Battle\src\Game.cpp(74,45): message : 查看对正在编译的函数 模板 实例化“void KEYMANAGER::Register<Game>(void (__cdecl Game::* )(int,int),T *)”的引用
          with
          [
              T=Game
          ]
D:\git-Tank Battle\Tank Battle\src\acllib.h(136,1): warning C4302: “类型强制转换”: 从“T *”到“int”截断
          with
          [
              T=Game
          ]
  GameObject.cpp
D:\git-Tank Battle\Tank Battle\src\acllib.h(143): warning C4311: “类型强制转换”: 从“void *”到“int”的指针截断
D:\git-Tank Battle\Tank Battle\src\acllib.h(143): warning C4302: “类型强制转换”: 从“void *”到“int”截断
D:\git-Tank Battle\Tank Battle\src\Messager.h(15,3): warning C4091: “static ”: 没有声明变量时忽略“Messager::MESSAGE”的左侧
D:\git-Tank Battle\Tank Battle\src\Game.h(39,3): warning C4091: “static ”: 没有声明变量时忽略“Game::STATE”的左侧
D:\git-Tank Battle\Tank Battle\src\GameObject.h(28,3): warning C4091: “static ”: 没有声明变量时忽略“GameObject::GOTYPE”的左侧
  Tank.cpp
D:\git-Tank Battle\Tank Battle\src\acllib.h(143): warning C4311: “类型强制转换”: 从“void *”到“int”的指针截断
D:\git-Tank Battle\Tank Battle\src\acllib.h(143): warning C4302: “类型强制转换”: 从“void *”到“int”截断
D:\git-Tank Battle\Tank Battle\src\Messager.h(15,3): warning C4091: “static ”: 没有声明变量时忽略“Messager::MESSAGE”的左侧
D:\git-Tank Battle\Tank Battle\src\Game.h(39,3): warning C4091: “static ”: 没有声明变量时忽略“Game::STATE”的左侧
D:\git-Tank Battle\Tank Battle\src\GameObject.h(28,3): warning C4091: “static ”: 没有声明变量时忽略“GameObject::GOTYPE”的左侧
D:\git-Tank Battle\Tank Battle\src\Tank.h(51,3): warning C4091: “static ”: 没有声明变量时忽略“Tank::CAMP”的左侧
D:\git-Tank Battle\Tank Battle\src\acllib.h(136,1): warning C4311: “类型强制转换”: 从“T *”到“int”的指针截断
          with
          [
              T=Tank
          ]
D:\git-Tank Battle\Tank Battle\src\Tank.cpp(257,44): message : 查看对正在编译的函数 模板 实例化“void KEYMANAGER::Register<Tank>(void (__cdecl Tank::* )(int,int),T *)”的引用
          with
          [
              T=Tank
          ]
D:\git-Tank Battle\Tank Battle\src\acllib.h(136,1): warning C4302: “类型强制转换”: 从“T *”到“int”截断
          with
          [
              T=Tank
          ]
  Target.cpp
D:\git-Tank Battle\Tank Battle\src\acllib.h(143): warning C4311: “类型强制转换”: 从“void *”到“int”的指针截断
D:\git-Tank Battle\Tank Battle\src\acllib.h(143): warning C4302: “类型强制转换”: 从“void *”到“int”截断
D:\git-Tank Battle\Tank Battle\src\Messager.h(15,3): warning C4091: “static ”: 没有声明变量时忽略“Messager::MESSAGE”的左侧
D:\git-Tank Battle\Tank Battle\src\Game.h(39,3): warning C4091: “static ”: 没有声明变量时忽略“Game::STATE”的左侧
D:\git-Tank Battle\Tank Battle\src\GameObject.h(28,3): warning C4091: “static ”: 没有声明变量时忽略“GameObject::GOTYPE”的左侧
D:\git-Tank Battle\Tank Battle\src\Target.cpp(24,12): warning C4244: “参数”: 从“time_t”转换到“unsigned int”，可能丢失数据
  acllib.cpp
D:\git-Tank Battle\Tank Battle\src\acllib.h(143): warning C4311: “类型强制转换”: 从“void *”到“int”的指针截断
D:\git-Tank Battle\Tank Battle\src\acllib.h(143): warning C4302: “类型强制转换”: 从“void *”到“int”截断
D:\git-Tank Battle\Tank Battle\src\acllib.cpp(147,12): warning C4244: “return”: 从“WPARAM”转换到“int”，可能丢失数据
D:\git-Tank Battle\Tank Battle\src\acllib.cpp(277,12): warning C4244: “参数”: 从“WPARAM”转换到“int”，可能丢失数据
D:\git-Tank Battle\Tank Battle\src\acllib.cpp(555,57): warning C4267: “参数”: 从“size_t”转换到“int”，可能丢失数据
D:\git-Tank Battle\Tank Battle\src\acllib.cpp(817,41): warning C4267: “初始化”: 从“size_t”转换到“int”，可能丢失数据
  main.cpp
D:\git-Tank Battle\Tank Battle\src\acllib.h(143): warning C4311: “类型强制转换”: 从“void *”到“int”的指针截断
D:\git-Tank Battle\Tank Battle\src\acllib.h(143): warning C4302: “类型强制转换”: 从“void *”到“int”截断
D:\git-Tank Battle\Tank Battle\src\Messager.h(15,3): warning C4091: “static ”: 没有声明变量时忽略“Messager::MESSAGE”的左侧
D:\git-Tank Battle\Tank Battle\src\Game.h(39,3): warning C4091: “static ”: 没有声明变量时忽略“Game::STATE”的左侧
D:\git-Tank Battle\Tank Battle\src\GameObject.h(28,3): warning C4091: “static ”: 没有声明变量时忽略“GameObject::GOTYPE”的左侧
D:\git-Tank Battle\Tank Battle\src\Tank.h(51,3): warning C4091: “static ”: 没有声明变量时忽略“Tank::CAMP”的左侧
D:\git-Tank Battle\Tank Battle\src\acllib.h(136,1): warning C4311: “类型强制转换”: 从“T *”到“int”的指针截断
          with
          [
              T=Game
          ]
D:\git-Tank Battle\Tank Battle\src\Game.h(129,1): message : 查看对正在编译的函数 模板 实例化“void KEYMANAGER::Register<Game>(void (__cdecl Game::* )(int,int),T *)”的引用
          with
          [
              T=Game
          ]
D:\git-Tank Battle\Tank Battle\src\main.cpp(29,46): message : 查看对正在编译的函数 模板 实例化“void Game::tick<Tank*,Target*>(Messager *,Tank *,Target *)”的引用
D:\git-Tank Battle\Tank Battle\src\acllib.h(136,1): warning C4302: “类型强制转换”: 从“T *”到“int”截断
          with
          [
              T=Game
          ]
  正在生成代码...
D:\git-Tank Battle\Tank Battle\src\Target.cpp(42): warning C4715: “Target::collide_check”: 不是所有的控件路径都返回值
D:\git-Tank Battle\Tank Battle\src\Boom.cpp(60): warning C4715: “Boom::collide_check”: 不是所有的控件路径都返回值
  Tank_Battle.vcxproj -> D:\git-Tank Battle\Tank Battle\x64\Debug\Tank_Battle.exe
