c:\users\yyz\desktop\tank_battle\debug\vc143.pdb
c:\users\yyz\desktop\tank_battle\debug\vc143.idb
c:\users\yyz\desktop\tank_battle\debug\main.obj
c:\users\yyz\desktop\tank_battle\debug\acllib.obj
c:\users\yyz\desktop\tank_battle\debug\target.obj
c:\users\yyz\desktop\tank_battle\debug\tank.obj
c:\users\yyz\desktop\tank_battle\debug\gameobject.obj
c:\users\yyz\desktop\tank_battle\debug\game.obj
c:\users\yyz\desktop\tank_battle\debug\boom.obj
c:\users\yyz\desktop\tank_battle\debug\tank_battle.exe
c:\users\yyz\desktop\tank_battle\debug\tank_battle.ilk
c:\users\yyz\desktop\tank_battle\debug\tank_battle.pdb
c:\users\yyz\desktop\tank_battle\debug\tank_battle.res
c:\users\yyz\desktop\tank_battle\debug\tank_battle.tlog\cl.command.1.tlog
c:\users\yyz\desktop\tank_battle\debug\tank_battle.tlog\cl.read.1.tlog
c:\users\yyz\desktop\tank_battle\debug\tank_battle.tlog\cl.write.1.tlog
c:\users\yyz\desktop\tank_battle\debug\tank_battle.tlog\link.command.1.tlog
c:\users\yyz\desktop\tank_battle\debug\tank_battle.tlog\link.read.1.tlog
c:\users\yyz\desktop\tank_battle\debug\tank_battle.tlog\link.write.1.tlog
c:\users\yyz\desktop\tank_battle\debug\tank_battle.tlog\rc.command.1.tlog
c:\users\yyz\desktop\tank_battle\debug\tank_battle.tlog\rc.read.1.tlog
c:\users\yyz\desktop\tank_battle\debug\tank_battle.tlog\rc.write.1.tlog
